Error: Failed to lookup view "Hello World"
    at Function.app.render (/Volumes/work/projects/about_me/node_modules/express/lib/application.js:493:17)
    at ServerResponse.res.render (/Volumes/work/projects/about_me/node_modules/express/lib/response.js:801:7)
    at exports.helloworld (/Volumes/work/projects/about_me/routes/index.js:11:9)
    at callbacks (/Volumes/work/projects/about_me/node_modules/express/lib/router/index.js:164:37)
    at param (/Volumes/work/projects/about_me/node_modules/express/lib/router/index.js:138:11)
    at pass (/Volumes/work/projects/about_me/node_modules/express/lib/router/index.js:145:5)
    at Router._dispatch (/Volumes/work/projects/about_me/node_modules/express/lib/router/index.js:173:5)
    at Object.router (/Volumes/work/projects/about_me/node_modules/express/lib/router/index.js:33:10)
    at next (/Volumes/work/projects/about_me/node_modules/express/node_modules/connect/lib/proto.js:193:15)
    at store.get.next (/Volumes/work/projects/about_me/node_modules/express/node_modules/connect/lib/middleware/session.js:318:9)
Error: Failed to lookup view "Hello World"
    at Function.app.render (/Volumes/work/projects/about_me/node_modules/express/lib/application.js:493:17)
    at ServerResponse.res.render (/Volumes/work/projects/about_me/node_modules/express/lib/response.js:801:7)
    at exports.helloworld (/Volumes/work/projects/about_me/routes/index.js:11:9)
    at callbacks (/Volumes/work/projects/about_me/node_modules/express/lib/router/index.js:164:37)
    at param (/Volumes/work/projects/about_me/node_modules/express/lib/router/index.js:138:11)
    at pass (/Volumes/work/projects/about_me/node_modules/express/lib/router/index.js:145:5)
    at Router._dispatch (/Volumes/work/projects/about_me/node_modules/express/lib/router/index.js:173:5)
    at Object.router (/Volumes/work/projects/about_me/node_modules/express/lib/router/index.js:33:10)
    at next (/Volumes/work/projects/about_me/node_modules/express/node_modules/connect/lib/proto.js:193:15)
    at store.get.next (/Volumes/work/projects/about_me/node_modules/express/node_modules/connect/lib/middleware/session.js:318:9)
